-------------------------------------------------------------------------------
Test set: CreateIssueTest
-------------------------------------------------------------------------------
Tests run: 5, Failures: 0, Errors: 1, Skipped: 0, Time elapsed: 167.286 s <<< FAILURE! - in CreateIssueTest
createIssueForProject{String, String}[2]  Time elapsed: 26.993 s  <<< ERROR!
java.lang.StringIndexOutOfBoundsException: begin 0, end -1, length 4
	at CreateIssueTest.createIssueForProject(CreateIssueTest.java:66)

