<?xml version="1.0" encoding="UTF-8"?>
<testsuite xmlns:xsi="http://www.w3.org/2001/XMLSchema-instance" xsi:noNamespaceSchemaLocation="https://maven.apache.org/surefire/maven-surefire-plugin/xsd/surefire-test-report.xsd" name="EditIssueTest" time="451.512" tests="12" errors="1" skipped="0" failures="7">
  <properties>
[...]
</properties>
  <testcase name="editIssueOnEditScreen{int}[1]" classname="EditIssueTest" time="34.611"/>
  <testcase name="editIssueOnEditScreen{int}[2]" classname="EditIssueTest" time="39.867"/>
  <testcase name="checkEditOnGivenIssues{String}[1]" classname="EditIssueTest" time="40.606">
    <failure message="expected: &lt;1&gt; but was: &lt;0&gt;" type="org.opentest4j.AssertionFailedError"><![CDATA[org.opentest4j.AssertionFailedError: expected: <1> but was: <0>
	at EditIssueTest.checkEditOnGivenIssues(EditIssueTest.java:65)
]]></failure>
    <system-err><![CDATA[Jul 22, 2020 10:34:00 AM org.openqa.selenium.remote.DesiredCapabilities chrome
INFO: Using `new ChromeOptions()` is preferred to `DesiredCapabilities.chrome()`
Jul 22, 2020 10:34:03 AM org.openqa.selenium.remote.ProtocolHandshake createSession
INFO: Detected dialect: W3C
]]></system-err>
  </testcase>
  <testcase name="checkEditOnGivenIssues{String}[2]" classname="EditIssueTest" time="39.256">
    <failure message="expected: &lt;1&gt; but was: &lt;0&gt;" type="org.opentest4j.AssertionFailedError"><![CDATA[org.opentest4j.AssertionFailedError: expected: <1> but was: <0>
	at EditIssueTest.checkEditOnGivenIssues(EditIssueTest.java:65)
]]></failure>
    <system-err><![CDATA[Jul 22, 2020 10:34:41 AM org.openqa.selenium.remote.DesiredCapabilities chrome
INFO: Using `new ChromeOptions()` is preferred to `DesiredCapabilities.chrome()`
Jul 22, 2020 10:34:43 AM org.openqa.selenium.remote.ProtocolHandshake createSession
INFO: Detected dialect: W3C
]]></system-err>
  </testcase>
  <testcase name="checkEditOnGivenIssues{String}[3]" classname="EditIssueTest" time="40.567">
    <failure message="expected: &lt;1&gt; but was: &lt;0&gt;" type="org.opentest4j.AssertionFailedError"><![CDATA[org.opentest4j.AssertionFailedError: expected: <1> but was: <0>
	at EditIssueTest.checkEditOnGivenIssues(EditIssueTest.java:65)
]]></failure>
    <system-err><![CDATA[Jul 22, 2020 10:35:20 AM org.openqa.selenium.remote.DesiredCapabilities chrome
INFO: Using `new ChromeOptions()` is preferred to `DesiredCapabilities.chrome()`
Jul 22, 2020 10:35:23 AM org.openqa.selenium.remote.ProtocolHandshake createSession
INFO: Detected dialect: W3C
]]></system-err>
  </testcase>
  <testcase name="checkEditOnGivenIssues{String}[4]" classname="EditIssueTest" time="37.016">
    <failure message="expected: &lt;1&gt; but was: &lt;0&gt;" type="org.opentest4j.AssertionFailedError"><![CDATA[org.opentest4j.AssertionFailedError: expected: <1> but was: <0>
	at EditIssueTest.checkEditOnGivenIssues(EditIssueTest.java:65)
]]></failure>
    <system-err><![CDATA[Jul 22, 2020 10:36:01 AM org.openqa.selenium.remote.DesiredCapabilities chrome
INFO: Using `new ChromeOptions()` is preferred to `DesiredCapabilities.chrome()`
Jul 22, 2020 10:36:03 AM org.openqa.selenium.remote.ProtocolHandshake createSession
INFO: Detected dialect: W3C
]]></system-err>
  </testcase>
  <testcase name="checkEditOnGivenIssues{String}[5]" classname="EditIssueTest" time="29.489"/>
  <testcase name="checkEditOnGivenIssues{String}[6]" classname="EditIssueTest" time="26.637"/>
  <testcase name="checkEditOnGivenIssues{String}[7]" classname="EditIssueTest" time="41.489">
    <failure message="expected: &lt;1&gt; but was: &lt;0&gt;" type="org.opentest4j.AssertionFailedError"><![CDATA[org.opentest4j.AssertionFailedError: expected: <1> but was: <0>
	at EditIssueTest.checkEditOnGivenIssues(EditIssueTest.java:65)
]]></failure>
    <system-err><![CDATA[Jul 22, 2020 10:37:34 AM org.openqa.selenium.remote.DesiredCapabilities chrome
INFO: Using `new ChromeOptions()` is preferred to `DesiredCapabilities.chrome()`
Jul 22, 2020 10:37:43 AM org.openqa.selenium.remote.ProtocolHandshake createSession
INFO: Detected dialect: W3C
]]></system-err>
  </testcase>
  <testcase name="checkEditOnGivenIssues{String}[8]" classname="EditIssueTest" time="43.323">
    <failure message="expected: &lt;1&gt; but was: &lt;0&gt;" type="org.opentest4j.AssertionFailedError"><![CDATA[org.opentest4j.AssertionFailedError: expected: <1> but was: <0>
	at EditIssueTest.checkEditOnGivenIssues(EditIssueTest.java:65)
]]></failure>
    <system-err><![CDATA[Jul 22, 2020 10:38:15 AM org.openqa.selenium.remote.DesiredCapabilities chrome
INFO: Using `new ChromeOptions()` is preferred to `DesiredCapabilities.chrome()`
Jul 22, 2020 10:38:26 AM org.openqa.selenium.remote.ProtocolHandshake createSession
INFO: Detected dialect: W3C
]]></system-err>
  </testcase>
  <testcase name="checkEditOnGivenIssues{String}[9]" classname="EditIssueTest" time="45.998">
    <failure message="expected: &lt;1&gt; but was: &lt;0&gt;" type="org.opentest4j.AssertionFailedError"><![CDATA[org.opentest4j.AssertionFailedError: expected: <1> but was: <0>
	at EditIssueTest.checkEditOnGivenIssues(EditIssueTest.java:65)
]]></failure>
    <system-err><![CDATA[Jul 22, 2020 10:38:59 AM org.openqa.selenium.remote.DesiredCapabilities chrome
INFO: Using `new ChromeOptions()` is preferred to `DesiredCapabilities.chrome()`
Jul 22, 2020 10:39:12 AM org.openqa.selenium.remote.ProtocolHandshake createSession
INFO: Detected dialect: W3C
]]></system-err>
  </testcase>
  <testcase name="inlineEditTest" classname="EditIssueTest" time="32.631">
    <error message="stale element reference: element is not attached to the page document&#10;  (Session info: chrome=76.0.3809.100)&#10;For documentation on this error, please visit: https://www.seleniumhq.org/exceptions/stale_element_reference.html&#10;Build info: version: &apos;3.141.59&apos;, revision: &apos;e82be7d358&apos;, time: &apos;2018-11-14T08:17:03&apos;&#10;System info: host: &apos;nia-Precision&apos;, ip: &apos;127.0.1.1&apos;, os.name: &apos;Linux&apos;, os.arch: &apos;amd64&apos;, os.version: &apos;5.3.0-62-generic&apos;, java.version: &apos;13.0.2&apos;&#10;Driver info: org.openqa.selenium.remote.RemoteWebDriver&#10;Capabilities {acceptInsecureCerts: false, browserName: chrome, browserVersion: 76.0.3809.100, chrome: {chromedriverVersion: 76.0.3809.126 (d80a294506b4..., userDataDir: /tmp/.com.google.Chrome.bpDSFN}, goog:chromeOptions: {debuggerAddress: localhost:45777}, javascriptEnabled: true, networkConnectionEnabled: false, pageLoadStrategy: normal, platform: LINUX, platformName: LINUX, proxy: Proxy(), setWindowRect: true, strictFileInteractability: false, timeouts: {implicit: 0, pageLoad: 300000, script: 30000}, unhandledPromptBehavior: dismiss and notify, webdriver.remote.sessionid: 569f2c103053d73f8e86835f0c9...}&#10;Session ID: 569f2c103053d73f8e86835f0c98bd35" type="org.openqa.selenium.StaleElementReferenceException">org.openqa.selenium.StaleElementReferenceException: 
stale element reference: element is not attached to the page document
  (Session info: chrome=76.0.3809.100)
For documentation on this error, please visit: https://www.seleniumhq.org/exceptions/stale_element_reference.html
Build info: version: '3.141.59', revision: 'e82be7d358', time: '2018-11-14T08:17:03'
System info: host: 'nia-Precision', ip: '127.0.1.1', os.name: 'Linux', os.arch: 'amd64', os.version: '5.3.0-62-generic', java.version: '13.0.2'
Driver info: org.openqa.selenium.remote.RemoteWebDriver
Capabilities {acceptInsecureCerts: false, browserName: chrome, browserVersion: 76.0.3809.100, chrome: {chromedriverVersion: 76.0.3809.126 (d80a294506b4..., userDataDir: /tmp/.com.google.Chrome.bpDSFN}, goog:chromeOptions: {debuggerAddress: localhost:45777}, javascriptEnabled: true, networkConnectionEnabled: false, pageLoadStrategy: normal, platform: LINUX, platformName: LINUX, proxy: Proxy(), setWindowRect: true, strictFileInteractability: false, timeouts: {implicit: 0, pageLoad: 300000, script: 30000}, unhandledPromptBehavior: dismiss and notify, webdriver.remote.sessionid: 569f2c103053d73f8e86835f0c9...}
Session ID: 569f2c103053d73f8e86835f0c98bd35
	at EditIssueTest.inlineEditTest(EditIssueTest.java:38)
</error>
    <system-err><![CDATA[Jul 22, 2020 10:39:45 AM org.openqa.selenium.remote.DesiredCapabilities chrome
INFO: Using `new ChromeOptions()` is preferred to `DesiredCapabilities.chrome()`
Jul 22, 2020 10:39:47 AM org.openqa.selenium.remote.ProtocolHandshake createSession
INFO: Detected dialect: W3C
]]></system-err>
  </testcase>
</testsuite>